<?xml version="1.0" encoding="UTF-8"?>
<!-- Generated by org.testng.reporters.JUnitReportReporter -->
<testsuite hostname="INMAA1-L1005" name="com.javacodegeeks.mockit.MockitExample" tests="1" failures="0" timestamp="11 Mar 2015 10:53:28 GMT" time="0.013" errors="0">
  <testcase name="hellowWorld" time="0.013" classname="com.javacodegeeks.mockit.MockitExample"/>
</testsuite> <!-- com.javacodegeeks.mockit.MockitExample -->
