<?xml version="1.0" encoding="UTF-8"?>
<!-- Generated by org.testng.reporters.JUnitReportReporter -->
<testsuite hostname="INMAA1-L1005" name="com.javacodegeeks.mockito.MockitoExample" tests="3" failures="0" timestamp="12 Mar 2015 21:59:51 GMT" time="0.120" errors="0">
  <testcase name="mockitoSaysHelloWorldThrice" time="0.120" classname="com.javacodegeeks.mockito.MockitoExample"/>
  <testcase name="mockitoSaysHelloWorldIsMockito" time="0.000" classname="com.javacodegeeks.mockito.MockitoExample"/>
  <testcase name="mockitoSaysHelloWorldMltiReturns" time="0.000" classname="com.javacodegeeks.mockito.MockitoExample"/>
</testsuite> <!-- com.javacodegeeks.mockito.MockitoExample -->
